INFO [2023-10-05 17:26:17] [[1]]
INFO [2023-10-05 17:26:17] vennlist
INFO [2023-10-05 17:26:17] 
INFO [2023-10-05 17:26:17] $height
INFO [2023-10-05 17:26:17] [1] 5
INFO [2023-10-05 17:26:17] 
INFO [2023-10-05 17:26:17] $width
INFO [2023-10-05 17:26:17] [1] 5
INFO [2023-10-05 17:26:17] 
INFO [2023-10-05 17:26:17] $filename
INFO [2023-10-05 17:26:17] [1] FALSE
INFO [2023-10-05 17:26:17] 
INFO [2023-10-05 17:26:17] $fill
INFO [2023-10-05 17:26:17] c("#00AED7", "#FD9347", "red")
INFO [2023-10-05 17:26:17] 
INFO [2023-10-05 17:26:17] $cat.col
INFO [2023-10-05 17:26:17] c("#00AED7", "#FD9347", "red")
INFO [2023-10-05 17:26:17] 
INFO [2023-10-05 17:26:17] $alpha
INFO [2023-10-05 17:26:17] [1] 0.85
INFO [2023-10-05 17:26:17] 
INFO [2023-10-05 17:26:17] $fontfamily
INFO [2023-10-05 17:26:17] [1] "serif"
INFO [2023-10-05 17:26:17] 
INFO [2023-10-05 17:26:17] $fontface
INFO [2023-10-05 17:26:17] [1] "bold"
INFO [2023-10-05 17:26:17] 
INFO [2023-10-05 17:26:17] $cex
INFO [2023-10-05 17:26:17] [1] 1.2
INFO [2023-10-05 17:26:17] 
INFO [2023-10-05 17:26:17] $cat.cex
INFO [2023-10-05 17:26:17] [1] 1.3
INFO [2023-10-05 17:26:17] 
INFO [2023-10-05 17:26:17] $cat.default.pos
INFO [2023-10-05 17:26:17] [1] "outer"
INFO [2023-10-05 17:26:17] 
INFO [2023-10-05 17:26:17] $cat.dist
INFO [2023-10-05 17:26:17] [1] 0.1
INFO [2023-10-05 17:26:17] 
INFO [2023-10-05 17:26:17] $margin
INFO [2023-10-05 17:26:17] [1] 0.1
INFO [2023-10-05 17:26:17] 
INFO [2023-10-05 17:26:17] $lwd
INFO [2023-10-05 17:26:17] [1] 3
INFO [2023-10-05 17:26:17] 
INFO [2023-10-05 17:26:17] $lty
INFO [2023-10-05 17:26:17] [1] "dotted"
INFO [2023-10-05 17:26:17] 
INFO [2023-10-05 17:26:17] $imagetype
INFO [2023-10-05 17:26:17] [1] "svg"
INFO [2023-10-05 17:26:17] 
